<?xml version="1.0" encoding="UTF-8"?>
<!-- Generated by org.testng.reporters.JUnitReportReporter -->
<testsuite hostname="DESKTOP-58CRCHS" failures="0" tests="1" name="Com.Adactin.Test.AdactinSignUpTest" time="24.166" errors="0" timestamp="2023-08-19T19:47:17 IST" skipped="0">
  <testcase classname="Com.Adactin.Test.AdactinSignUpTest" name="AdactinMethod" time="24.166"/>
</testsuite> <!-- Com.Adactin.Test.AdactinSignUpTest -->
