<?xml version="1.0" encoding="UTF-8"?>
<!-- Generated by org.testng.reporters.JUnitReportReporter -->
<testsuite hostname="DESKTOP-58CRCHS" failures="0" tests="1" name="Com.Adactin.Test.AdactinLoginTest" time="35.287" errors="0" timestamp="2023-08-19T19:47:17 IST" skipped="0">
  <testcase classname="Com.Adactin.Test.AdactinLoginTest" name="LoginMethod" time="35.287"/>
</testsuite> <!-- Com.Adactin.Test.AdactinLoginTest -->
